<?xml version="1.0" encoding="UTF-8"?>
<testng-results skipped="0" failed="0" total="1" passed="1">
  <reporter-output>
  </reporter-output>
  <suite name="Default suite" duration-ms="38159" started-at="2018-01-26T09:05:54Z" finished-at="2018-01-26T09:06:32Z">
    <groups>
    </groups>
    <test name="Default test" duration-ms="38159" started-at="2018-01-26T09:05:54Z" finished-at="2018-01-26T09:06:32Z">
      <class name="test.java.ListingDetailsTest">
        <test-method status="PASS" signature="booksSearchtest()[pri:0, instance:test.java.ListingDetailsTest@38102d01]" name="booksSearchtest" duration-ms="38152" started-at="2018-01-26T14:35:54Z" finished-at="2018-01-26T14:36:32Z">
          <reporter-output>
          </reporter-output>
        </test-method> <!-- booksSearchtest -->
      </class> <!-- test.java.ListingDetailsTest -->
    </test> <!-- Default test -->
  </suite> <!-- Default suite -->
</testng-results>
